<?xml version="1.0" encoding="UTF-8"?>
<!-- Generated by org.testng.reporters.JUnitReportReporter -->
<testsuite skipped="0" hostname="CSLH1880" name="appconnect.automation1.LoginappCONNECT" tests="1" failures="0" timestamp="28 Mar 2020 17:56:21 GMT" time="36.167" errors="0">
  <testcase name="login" time="36.167" classname="appconnect.automation1.LoginappCONNECT"/>
</testsuite> <!-- appconnect.automation1.LoginappCONNECT -->
