<?xml version="1.0" encoding="UTF-8"?>
<!-- Generated by org.testng.reporters.JUnitReportReporter -->
<testsuite skipped="0" hostname="CSLH1880" name="appconnect.automation1.Test_class" tests="1" failures="0" timestamp="17 Mar 2020 15:40:42 GMT" time="0.016" errors="0">
  <testcase name="sample" time="0.016" classname="appconnect.automation1.Test_class"/>
</testsuite> <!-- appconnect.automation1.Test_class -->
